<?xml version="1.0" encoding="UTF-8"?>
<!-- Generated by org.testng.reporters.JUnitXMLReporter -->
<testsuite ignored="2" hostname="LAPTOP-8U90PMR9" failures="0" tests="2" name="Endtoend" time="56.587" errors="0" timestamp="2025-02-21T08:01:41 IST">
  <testcase classname="shashankframeworkdesigns.Finalframework.EndtoEndJourney" name="submitorder" time="19.642"/>
  <testcase classname="shashankframeworkdesigns.Finalframework.EndtoEndJourney" name="submitorder" time="18.064"/>
  <testcase classname="shashankframeworkdesigns.Finalframework.EndtoEndJourney" name="Orderconfirmpage" time="0.0">
    <ignored/>
  </testcase> <!-- Orderconfirmpage -->
  <testcase classname="shashankframeworkdesigns.Finalframework.EndtoEndJourney" name="login" time="0.0">
    <ignored/>
  </testcase> <!-- login -->
</testsuite> <!-- Endtoend -->
