<?xml version="1.0" encoding="UTF-8"?>
<testng-results ignored="0" total="2" passed="2" failed="0" skipped="0">
  <reporter-output>
  </reporter-output>
  <suite started-at="2025-02-21T08:00:43 IST" name="Suite" finished-at="2025-02-21T08:01:41 IST" duration-ms="57657">
    <groups>
      <group name="Purchase">
        <method signature="EndtoEndJourney.submitorder(java.util.HashMap)[pri:0, instance:shashankframeworkdesigns.Finalframework.EndtoEndJourney@7e6ef134]" name="submitorder" class="shashankframeworkdesigns.Finalframework.EndtoEndJourney"/>
      </group> <!-- Purchase -->
    </groups>
    <test started-at="2025-02-21T08:00:43 IST" name="Endtoend" finished-at="2025-02-21T08:01:40 IST" duration-ms="56587">
      <class name="shashankframeworkdesigns.Finalframework.EndtoEndJourney">
        <test-method is-config="true" signature="launchapplication()[pri:0, instance:shashankframeworkdesigns.Finalframework.EndtoEndJourney@7e6ef134]" started-at="2025-02-21T08:00:44 IST" name="launchapplication" finished-at="2025-02-21T08:00:54 IST" duration-ms="10173" status="PASS">
          <reporter-output>
          </reporter-output>
        </test-method> <!-- launchapplication -->
        <test-method signature="submitorder(java.util.HashMap)[pri:0, instance:shashankframeworkdesigns.Finalframework.EndtoEndJourney@7e6ef134]" started-at="2025-02-21T08:00:54 IST" name="submitorder" data-provider="getData" finished-at="2025-02-21T08:01:14 IST" duration-ms="19642" status="PASS">
          <params>
            <param index="0">
              <value>
                <![CDATA[{productname=ADIDAS ORIGINAL, password=Virat@18?, email=shashu18@gmail.com}]]>
              </value>
            </param>
          </params>
          <reporter-output>
          </reporter-output>
        </test-method> <!-- submitorder -->
        <test-method is-config="true" signature="teardown()[pri:0, instance:shashankframeworkdesigns.Finalframework.EndtoEndJourney@7e6ef134]" started-at="2025-02-21T08:01:14 IST" name="teardown" finished-at="2025-02-21T08:01:16 IST" duration-ms="1574" status="PASS">
          <reporter-output>
          </reporter-output>
        </test-method> <!-- teardown -->
        <test-method is-config="true" signature="launchapplication()[pri:0, instance:shashankframeworkdesigns.Finalframework.EndtoEndJourney@7e6ef134]" started-at="2025-02-21T08:01:16 IST" name="launchapplication" finished-at="2025-02-21T08:01:21 IST" duration-ms="5529" status="PASS">
          <reporter-output>
          </reporter-output>
        </test-method> <!-- launchapplication -->
        <test-method signature="submitorder(java.util.HashMap)[pri:0, instance:shashankframeworkdesigns.Finalframework.EndtoEndJourney@7e6ef134]" started-at="2025-02-21T08:01:21 IST" name="submitorder" data-provider="getData" finished-at="2025-02-21T08:01:39 IST" duration-ms="18064" status="PASS">
          <params>
            <param index="0">
              <value>
                <![CDATA[{productname=IPHONE 13 PRO, password=Virat@18,, email=viratk18@gmail.com}]]>
              </value>
            </param>
          </params>
          <reporter-output>
          </reporter-output>
        </test-method> <!-- submitorder -->
        <test-method is-config="true" signature="teardown()[pri:0, instance:shashankframeworkdesigns.Finalframework.EndtoEndJourney@7e6ef134]" started-at="2025-02-21T08:01:39 IST" name="teardown" finished-at="2025-02-21T08:01:40 IST" duration-ms="346" status="PASS">
          <reporter-output>
          </reporter-output>
        </test-method> <!-- teardown -->
      </class> <!-- shashankframeworkdesigns.Finalframework.EndtoEndJourney -->
    </test> <!-- Endtoend -->
    <test started-at="2025-02-21T08:01:41 IST" name="Errorvalidation" finished-at="2025-02-21T08:01:41 IST" duration-ms="2">
    </test> <!-- Errorvalidation -->
  </suite> <!-- Suite -->
</testng-results>
